\BOOKMARK [0][]{chapter.1}{1 Introduction}{}% 1
\BOOKMARK [1][-]{section.1.1}{1.1 Introduction}{chapter.1}% 2
\BOOKMARK [2][-]{subsection.1.1.1}{1.1.1 Some of the reasons for Scala success}{section.1.1}% 3
\BOOKMARK [1][-]{section.1.2}{1.2 Aims and Objectives}{chapter.1}% 4
\BOOKMARK [2][-]{subsection.1.2.1}{1.2.1 Web Application Proposed functionality}{section.1.2}% 5
\BOOKMARK [1][-]{section.1.3}{1.3 Main Research Questions}{chapter.1}% 6
\BOOKMARK [1][-]{section.1.4}{1.4 Justifications / Benefits}{chapter.1}% 7
\BOOKMARK [1][-]{section.1.5}{1.5 Feasibility}{chapter.1}% 8
\BOOKMARK [1][-]{section.1.6}{1.6 Proposed Methodologies}{chapter.1}% 9
\BOOKMARK [1][-]{section.1.7}{1.7 Project Plan}{chapter.1}% 10
\BOOKMARK [2][-]{subsection.1.7.1}{1.7.1 Work Breakdown Structure \(WBS\)}{section.1.7}% 11
\BOOKMARK [1][-]{section.1.8}{1.8 Expected Results}{chapter.1}% 12
\BOOKMARK [1][-]{section.1.9}{1.9 Conclusion}{chapter.1}% 13
\BOOKMARK [0][]{chapter.2}{2 Literature Review}{}% 14
\BOOKMARK [1][-]{section.2.1}{2.1 Introduction}{chapter.2}% 15
\BOOKMARK [1][-]{section.2.2}{2.2 General Concepts}{chapter.2}% 16
\BOOKMARK [1][-]{section.2.3}{2.3 Specific Characteristics}{chapter.2}% 17
\BOOKMARK [2][-]{subsection.2.3.1}{2.3.1 Object Oriented Programming}{section.2.3}% 18
\BOOKMARK [2][-]{subsection.2.3.2}{2.3.2 Functional Programming}{section.2.3}% 19
\BOOKMARK [1][-]{section.2.4}{2.4 Short History}{chapter.2}% 20
\BOOKMARK [1][-]{section.2.5}{2.5 Interesting Ideas for Further Study}{chapter.2}% 21
\BOOKMARK [2][-]{subsection.2.5.1}{2.5.1 A Definitive Programming Language}{section.2.5}% 22
\BOOKMARK [2][-]{subsection.2.5.2}{2.5.2 Artificial Intelligence}{section.2.5}% 23
\BOOKMARK [2][-]{subsection.2.5.3}{2.5.3 LambdaFicator}{section.2.5}% 24
\BOOKMARK [1][-]{section.2.6}{2.6 Functional Programming with Scala}{chapter.2}% 25
\BOOKMARK [1][-]{section.2.7}{2.7 Conclusion}{chapter.2}% 26
\BOOKMARK [0][]{chapter.3}{3 Analysis and Design}{}% 27
\BOOKMARK [1][-]{section.3.1}{3.1 Introduction}{chapter.3}% 28
\BOOKMARK [1][-]{section.3.2}{3.2 Proposed Methodology}{chapter.3}% 29
\BOOKMARK [1][-]{section.3.3}{3.3 Proposed Tools}{chapter.3}% 30
\BOOKMARK [1][-]{section.3.4}{3.4 Use Cases}{chapter.3}% 31
\BOOKMARK [1][-]{section.3.5}{3.5 Sequence Diagrams}{chapter.3}% 32
\BOOKMARK [1][-]{section.3.6}{3.6 User Interface Design}{chapter.3}% 33
\BOOKMARK [1][-]{section.3.7}{3.7 Database Schema Design}{chapter.3}% 34
\BOOKMARK [1][-]{section.3.8}{3.8 Back End \(Play App\) Design}{chapter.3}% 35
\BOOKMARK [1][-]{section.3.9}{3.9 Conclusion}{chapter.3}% 36
\BOOKMARK [0][]{chapter.4}{4 Implementation}{}% 37
\BOOKMARK [1][-]{section.4.1}{4.1 Introduction}{chapter.4}% 38
\BOOKMARK [1][-]{section.4.2}{4.2 Methodology}{chapter.4}% 39
\BOOKMARK [2][-]{subsection.4.2.1}{4.2.1 Prototype v1.0}{section.4.2}% 40
\BOOKMARK [2][-]{subsection.4.2.2}{4.2.2 Prototype v2.0}{section.4.2}% 41
\BOOKMARK [2][-]{subsection.4.2.3}{4.2.3 Prototype ...and so on}{section.4.2}% 42
\BOOKMARK [1][-]{section.4.3}{4.3 Conclusion}{chapter.4}% 43
\BOOKMARK [0][]{chapter.5}{5 Testing and Evaluation}{}% 44
\BOOKMARK [1][-]{section.5.1}{5.1 Introduction}{chapter.5}% 45
\BOOKMARK [1][-]{section.5.2}{5.2 Back End Unit Tests}{chapter.5}% 46
\BOOKMARK [1][-]{section.5.3}{5.3 User Interface Tests}{chapter.5}% 47
\BOOKMARK [1][-]{section.5.4}{5.4 Conclusion}{chapter.5}% 48
\BOOKMARK [0][]{chapter.6}{6 Conclusion and Further Work}{}% 49
\BOOKMARK [1][-]{section.6.1}{6.1 Introduction}{chapter.6}% 50
\BOOKMARK [1][-]{section.6.2}{6.2 Achievements}{chapter.6}% 51
\BOOKMARK [1][-]{section.6.3}{6.3 Personal Gain}{chapter.6}% 52
\BOOKMARK [1][-]{section.6.4}{6.4 Further Work}{chapter.6}% 53
\BOOKMARK [1][-]{section.6.5}{6.5 Conclusion}{chapter.6}% 54
\BOOKMARK [0][]{appendix.A}{A The Project Diary}{}% 55
\BOOKMARK [0][]{appendix.A}{A Code Listings}{}% 56
\BOOKMARK [1][-]{section.A.1}{A.1 Back-End}{appendix.A}% 57
\BOOKMARK [1][-]{section.A.2}{A.2 Front-End}{appendix.A}% 58
\BOOKMARK [1][-]{section.A.2}{References}{appendix.A}% 59
